**********************
PowerShell transcript start
Start time: 20250819153015
Username: F0LE202506\N0
RunAs User: F0LE202506\N0
Configuration Name: 
Machine: F0LE202506 (Microsoft Windows NT 10.0.26100.0)
Host Application: C:\Program Files\PowerShell\7\pwsh.dll -NoProfile -ExecutionPolicy Bypass -Command Import-Module 'c:\Users\N0\.vscode\extensions\ms-vscode.powershell-2025.2.0\modules\PowerShellEditorServices\PowerShellEditorServices.psd1'; Start-EditorServices -HostName 'Visual Studio Code Host' -HostProfileId 'Microsoft.VSCode' -HostVersion '2025.2.0' -BundledModulesPath 'c:\Users\N0\.vscode\extensions\ms-vscode.powershell-2025.2.0\modules' -EnableConsoleRepl -StartupBanner "PowerShell Extension v2025.2.0
Copyright (c) Microsoft Corporation.

https://aka.ms/vscode-powershell
Type 'help' to get help.
" -LogLevel 'Warning' -LogPath 'c:\Users\N0\AppData\Roaming\Code\logs\20250818T110517\window1\exthost\ms-vscode.powershell' -SessionDetailsPath 'c:\Users\N0\AppData\Roaming\Code\User\globalStorage\ms-vscode.powershell\sessions\PSES-VSCode-20176-816941.json' -FeatureFlags @() 
Process ID: 18648
PSVersion: 7.5.2
PSEdition: Core
GitCommitId: 7.5.2
OS: Microsoft Windows 10.0.26100
Platform: Win32NT
PSCompatibleVersions: 1.0, 2.0, 3.0, 4.0, 5.0, 5.1, 6.0, 7.0
PSRemotingProtocolVersion: 2.3
SerializationVersion: 1.1.0.1
WSManStackVersion: 3.0
**********************
Gesamtanzahl aller Zeilen: 354
Anzahl der Duplikate: 0

✅ Keine doppelten Einträge gefunden.

🆕 Neue Einträge:
AutoIt-Extractor32bit
sliver-client
sliver-server
VCRedist201032bit
WinPMemPortable

Anzahl neuer Einträge: 5

'list-of-tools.txt' wurde aktualisiert und 'list-of-tools-new.txt' gelöscht.


📄 'Configs\flagship.conf' wurde erfolgreich aktualisiert mit den neuen Einträgen.
**********************
PowerShell transcript end
End time: 20250819153027
**********************
**********************
PowerShell transcript start
Start time: 20250827155843
Username: F0LE202506\N0
RunAs User: F0LE202506\N0
Configuration Name: 
Machine: F0LE202506 (Microsoft Windows NT 10.0.26100.0)
Host Application: C:\Program Files\PowerShell\7\pwsh.dll -NoProfile -ExecutionPolicy Bypass -Command Import-Module 'c:\Users\N0\.vscode\extensions\ms-vscode.powershell-2025.2.0\modules\PowerShellEditorServices\PowerShellEditorServices.psd1'; Start-EditorServices -HostName 'Visual Studio Code Host' -HostProfileId 'Microsoft.VSCode' -HostVersion '2025.2.0' -BundledModulesPath 'c:\Users\N0\.vscode\extensions\ms-vscode.powershell-2025.2.0\modules' -EnableConsoleRepl -StartupBanner "PowerShell Extension v2025.2.0
Copyright (c) Microsoft Corporation.

https://aka.ms/vscode-powershell
Type 'help' to get help.
" -LogLevel 'Warning' -LogPath 'c:\Users\N0\AppData\Roaming\Code\logs\20250818T110517\window1\exthost\ms-vscode.powershell' -SessionDetailsPath 'c:\Users\N0\AppData\Roaming\Code\User\globalStorage\ms-vscode.powershell\sessions\PSES-VSCode-20176-144776.json' -FeatureFlags @() 
Process ID: 36792
PSVersion: 7.5.2
PSEdition: Core
GitCommitId: 7.5.2
OS: Microsoft Windows 10.0.26100
Platform: Win32NT
PSCompatibleVersions: 1.0, 2.0, 3.0, 4.0, 5.0, 5.1, 6.0, 7.0
PSRemotingProtocolVersion: 2.3
SerializationVersion: 1.1.0.1
WSManStackVersion: 3.0
**********************
Gesamtanzahl aller Zeilen: 353
Anzahl der Duplikate: 0

✅ Keine doppelten Einträge gefunden.

🆕 Neue Einträge:
NvidiaApp

Anzahl neuer Einträge: 1

'list-of-tools.txt' wurde aktualisiert und 'list-of-tools-new.txt' gelöscht.


📄 'Configs\flagship.conf' wurde erfolgreich aktualisiert mit den neuen Einträgen.
**********************
PowerShell transcript end
End time: 20250827155851
**********************
**********************
PowerShell transcript start
Start time: 20250925170214
Username: F0LE202506\N0
RunAs User: F0LE202506\N0
Configuration Name: 
Machine: F0LE202506 (Microsoft Windows NT 10.0.26100.0)
Host Application: C:\Program Files\PowerShell\7\pwsh.dll -NoProfile -ExecutionPolicy Bypass -Command Import-Module 'c:\Users\N0\.vscode\extensions\ms-vscode.powershell-2025.2.0\modules\PowerShellEditorServices\PowerShellEditorServices.psd1'; Start-EditorServices -HostName 'Visual Studio Code Host' -HostProfileId 'Microsoft.VSCode' -HostVersion '2025.2.0' -BundledModulesPath 'c:\Users\N0\.vscode\extensions\ms-vscode.powershell-2025.2.0\modules' -EnableConsoleRepl -StartupBanner "PowerShell Extension v2025.2.0
Copyright (c) Microsoft Corporation.

https://aka.ms/vscode-powershell
Type 'help' to get help.
" -LogLevel 'Warning' -LogPath 'c:\Users\N0\AppData\Roaming\Code\logs\20250925T140133\window1\exthost\ms-vscode.powershell' -SessionDetailsPath 'c:\Users\N0\AppData\Roaming\Code\User\globalStorage\ms-vscode.powershell\sessions\PSES-VSCode-22148-821079.json' -FeatureFlags @() 
Process ID: 20324
PSVersion: 7.5.3
PSEdition: Core
GitCommitId: 7.5.3
OS: Microsoft Windows 10.0.26100
Platform: Win32NT
PSCompatibleVersions: 1.0, 2.0, 3.0, 4.0, 5.0, 5.1, 6.0, 7.0
PSRemotingProtocolVersion: 2.3
SerializationVersion: 1.1.0.1
WSManStackVersion: 3.0
**********************
Gesamtanzahl aller Zeilen: 380
Anzahl der Duplikate: 0

✅ Keine doppelten Einträge gefunden.

🆕 Neue Einträge:
AirCrack-NG
AngryIPScanner
AshampooBUPro15
BurnInTest
ClamAVWin
Comae-Toolkit
dfir-installer
DirectoryOpus
EDD
EditPadLite
GSmartControl
hasher
KAPE-Big
kernel-document-viewer
kernel-emlx-viewer
kernel-sql-backup-recovery
kernel-sql-viewer
kernel-sqlite-viewer
kernel-vhd-vhdx-viewer
kernel-vmdk-recovery-demo
kernel-windows-data-recovery-free
kernel-xps-viewer
kernelbasedemo
kernelbkf-viewer
kernelbulkimageresizer
kernelcalcdemo
kerneldbx-viewer
kerneldrawdemo
kernelemlviewer
kernelexchange-edb-viewer
kernelexchangetogroup64
Kernelforexchangetonotes
kernelfreekernelolmviewer
kernelfreekerneloutlookpstreporter
kernelgrptonotes
kernelimpressdemo
kernelmathsdemo
kernelmboxviewer
kernelmdb-viewer
kernelmdf-viewer
kernelnotestogrp
kernelnotestopdfdemo
kernelnsf-viewer
kernelnst-viewer
kernelNucleus-IE-Password
kernelNucleus-Kernel-DBX
kernelNucleus-Kernel-Excel
kernelNucleus-Kernel-IncrediMail-Demo
kernelNucleus-Kernel-Paradox-Demo
kernelNucleus-MSN-Password
kernelNucleus-PST-Password-Demo
kerneloetonotes
KernelPasswordUnmask
kernelprojectserver
kernelpstadd
kernelwriterdemo
kernelyahooarchive
LM-Studio
NirSoft-Launcher
Perl
SamSpade
SecureRM
TotalCommander
VisualStudioCommunityEdition
Volatility-Workbench
W10Privacy

Anzahl neuer Einträge: 66

'list-of-tools.txt' wurde aktualisiert und 'list-of-tools-new.txt' gelöscht.


📄 'Configs\flagship.conf' wurde erfolgreich aktualisiert mit den neuen Einträgen.
**********************
PowerShell transcript end
End time: 20250925170240
**********************
**********************
PowerShell transcript start
Start time: 20260112112702
Username: LAPTOP-1FKSBQSV\N0
RunAs User: LAPTOP-1FKSBQSV\N0
Configuration Name: 
Machine: LAPTOP-1FKSBQSV (Microsoft Windows NT 10.0.26100.0)
Host Application: C:\Program Files\PowerShell\7\pwsh.dll -NoProfile -ExecutionPolicy Bypass -Command Import-Module 'c:\Users\N0\.vscode\extensions\ms-vscode.powershell-2025.4.0\modules\PowerShellEditorServices\PowerShellEditorServices.psd1'; Start-EditorServices -HostName 'Visual Studio Code Host' -HostProfileId 'Microsoft.VSCode' -HostVersion '2025.4.0' -BundledModulesPath 'c:\Users\N0\.vscode\extensions\ms-vscode.powershell-2025.4.0\modules' -EnableConsoleRepl -StartupBanner "PowerShell Extension v2025.4.0
Copyright (c) Microsoft Corporation.

https://aka.ms/vscode-powershell
Type 'help' to get help.
" -LogLevel 'Warning' -LogPath 'c:\Users\N0\AppData\Roaming\Code\logs\20260112T105441\window1\exthost\ms-vscode.powershell' -SessionDetailsPath 'c:\Users\N0\AppData\Roaming\Code\User\globalStorage\ms-vscode.powershell\sessions\PSES-VSCode-10540-299570.json' -FeatureFlags @() 
Process ID: 20504
PSVersion: 7.5.4
PSEdition: Core
GitCommitId: 7.5.4
OS: Microsoft Windows 10.0.26100
Platform: Win32NT
PSCompatibleVersions: 1.0, 2.0, 3.0, 4.0, 5.0, 5.1, 6.0, 7.0
PSRemotingProtocolVersion: 2.3
SerializationVersion: 1.1.0.1
WSManStackVersion: 3.0
**********************
Gesamtanzahl aller Zeilen: 381
Anzahl der Duplikate: 0

✅ Keine doppelten Einträge gefunden.

🆕 Neue Einträge:
#Last time Checked: 2025-09-26

Anzahl neuer Einträge: 1

Die alte Datei wurde **nicht** verändert. 'list-of-tools-new.txt' bleibt erhalten.

'Configs\flagship.conf' wurde nicht verändert.
**********************
PowerShell transcript end
End time: 20260112112856
**********************
**********************
PowerShell transcript start
Start time: 20260112112858
Username: LAPTOP-1FKSBQSV\N0
RunAs User: LAPTOP-1FKSBQSV\N0
Configuration Name: 
Machine: LAPTOP-1FKSBQSV (Microsoft Windows NT 10.0.26100.0)
Host Application: C:\Program Files\PowerShell\7\pwsh.dll -NoProfile -ExecutionPolicy Bypass -Command Import-Module 'c:\Users\N0\.vscode\extensions\ms-vscode.powershell-2025.4.0\modules\PowerShellEditorServices\PowerShellEditorServices.psd1'; Start-EditorServices -HostName 'Visual Studio Code Host' -HostProfileId 'Microsoft.VSCode' -HostVersion '2025.4.0' -BundledModulesPath 'c:\Users\N0\.vscode\extensions\ms-vscode.powershell-2025.4.0\modules' -EnableConsoleRepl -StartupBanner "PowerShell Extension v2025.4.0
Copyright (c) Microsoft Corporation.

https://aka.ms/vscode-powershell
Type 'help' to get help.
" -LogLevel 'Warning' -LogPath 'c:\Users\N0\AppData\Roaming\Code\logs\20260112T105441\window1\exthost\ms-vscode.powershell' -SessionDetailsPath 'c:\Users\N0\AppData\Roaming\Code\User\globalStorage\ms-vscode.powershell\sessions\PSES-VSCode-10540-299570.json' -FeatureFlags @() 
Process ID: 20504
PSVersion: 7.5.4
PSEdition: Core
GitCommitId: 7.5.4
OS: Microsoft Windows 10.0.26100
Platform: Win32NT
PSCompatibleVersions: 1.0, 2.0, 3.0, 4.0, 5.0, 5.1, 6.0, 7.0
PSRemotingProtocolVersion: 2.3
SerializationVersion: 1.1.0.1
WSManStackVersion: 3.0
**********************
Gesamtanzahl aller Zeilen: 381
Anzahl der Duplikate: 0

✅ Keine doppelten Einträge gefunden.

🆕 Neue Einträge:
#Last time Checked: 2025-09-26

Anzahl neuer Einträge: 1

Die alte Datei wurde **nicht** verändert. 'list-of-tools-new.txt' bleibt erhalten.

'Configs\flagship.conf' wurde nicht verändert.
**********************
PowerShell transcript end
End time: 20260112112905
**********************
**********************
PowerShell transcript start
Start time: 20260112112912
Username: LAPTOP-1FKSBQSV\N0
RunAs User: LAPTOP-1FKSBQSV\N0
Configuration Name: 
Machine: LAPTOP-1FKSBQSV (Microsoft Windows NT 10.0.26100.0)
Host Application: C:\Program Files\PowerShell\7\pwsh.dll -NoProfile -ExecutionPolicy Bypass -Command Import-Module 'c:\Users\N0\.vscode\extensions\ms-vscode.powershell-2025.4.0\modules\PowerShellEditorServices\PowerShellEditorServices.psd1'; Start-EditorServices -HostName 'Visual Studio Code Host' -HostProfileId 'Microsoft.VSCode' -HostVersion '2025.4.0' -BundledModulesPath 'c:\Users\N0\.vscode\extensions\ms-vscode.powershell-2025.4.0\modules' -EnableConsoleRepl -StartupBanner "PowerShell Extension v2025.4.0
Copyright (c) Microsoft Corporation.

https://aka.ms/vscode-powershell
Type 'help' to get help.
" -LogLevel 'Warning' -LogPath 'c:\Users\N0\AppData\Roaming\Code\logs\20260112T105441\window1\exthost\ms-vscode.powershell' -SessionDetailsPath 'c:\Users\N0\AppData\Roaming\Code\User\globalStorage\ms-vscode.powershell\sessions\PSES-VSCode-10540-299570.json' -FeatureFlags @() 
Process ID: 20504
PSVersion: 7.5.4
PSEdition: Core
GitCommitId: 7.5.4
OS: Microsoft Windows 10.0.26100
Platform: Win32NT
PSCompatibleVersions: 1.0, 2.0, 3.0, 4.0, 5.0, 5.1, 6.0, 7.0
PSRemotingProtocolVersion: 2.3
SerializationVersion: 1.1.0.1
WSManStackVersion: 3.0
**********************
Gesamtanzahl aller Zeilen: 380
Anzahl der Duplikate: 0

✅ Keine doppelten Einträge gefunden.

🆕 Neue Einträge:

Anzahl neuer Einträge: 0

'list-of-tools.txt' wurde aktualisiert und 'list-of-tools-new.txt' gelöscht.


📄 'Configs\flagship.conf' wurde erfolgreich aktualisiert mit den neuen Einträgen.
**********************
PowerShell transcript end
End time: 20260112112916
**********************
**********************
PowerShell transcript start
Start time: 20260302180000
Username: LAPTOP-1FKSBQSV\N0
RunAs User: LAPTOP-1FKSBQSV\N0
Configuration Name: 
Machine: LAPTOP-1FKSBQSV (Microsoft Windows NT 10.0.26100.0)
Host Application: C:\Program Files\PowerShell\7\pwsh.dll -NoProfile -ExecutionPolicy Bypass -Command Import-Module 'c:\Users\N0\.vscode\extensions\ms-vscode.powershell-2025.4.0\modules\PowerShellEditorServices\PowerShellEditorServices.psd1'; Start-EditorServices -HostName 'Visual Studio Code Host' -HostProfileId 'Microsoft.VSCode' -HostVersion '2025.4.0' -BundledModulesPath 'c:\Users\N0\.vscode\extensions\ms-vscode.powershell-2025.4.0\modules' -EnableConsoleRepl -StartupBanner "PowerShell Extension v2025.4.0
Copyright (c) Microsoft Corporation.

https://aka.ms/vscode-powershell
Type 'help' to get help.
" -LogLevel 'Warning' -LogPath 'c:\Users\N0\AppData\Roaming\Code\logs\20260302T170225\window1\exthost\ms-vscode.powershell' -SessionDetailsPath 'c:\Users\N0\AppData\Roaming\Code\User\globalStorage\ms-vscode.powershell\sessions\PSES-VSCode-3808-206883.json' -FeatureFlags @() 
Process ID: 25492
PSVersion: 7.5.4
PSEdition: Core
GitCommitId: 7.5.4
OS: Microsoft Windows 10.0.26100
Platform: Win32NT
PSCompatibleVersions: 1.0, 2.0, 3.0, 4.0, 5.0, 5.1, 6.0, 7.0
PSRemotingProtocolVersion: 2.3
SerializationVersion: 1.1.0.1
WSManStackVersion: 3.0
**********************
Gesamtanzahl aller Zeilen: 382
Anzahl der Duplikate: 0

✅ Keine doppelten Einträge gefunden.

🆕 Neue Einträge:
appcompatprocessor
awscli
CyberDuck
INDXParse
Silver
Thunderbird
VirtualBox

Anzahl neuer Einträge: 7

'list-of-tools.txt' wurde aktualisiert und 'list-of-tools-new.txt' gelöscht.


📄 'Configs\flagship.conf' wurde erfolgreich aktualisiert mit den neuen Einträgen.
**********************
PowerShell transcript end
End time: 20260302180048
**********************
**********************
PowerShell transcript start
Start time: 20260306152619
Username: LAPTOP-1FKSBQSV\N0
RunAs User: LAPTOP-1FKSBQSV\N0
Configuration Name: 
Machine: LAPTOP-1FKSBQSV (Microsoft Windows NT 10.0.26100.0)
Host Application: C:\Program Files\PowerShell\7\pwsh.dll -noexit -command try { . "c:\Users\N0\AppData\Local\Programs\Microsoft VS Code\0870c2a0c7\resources\app\out\vs\workbench\contrib\terminal\common\scripts\shellIntegration.ps1" } catch {}
Process ID: 14772
PSVersion: 7.5.4
PSEdition: Core
GitCommitId: 7.5.4
OS: Microsoft Windows 10.0.26100
Platform: Win32NT
PSCompatibleVersions: 1.0, 2.0, 3.0, 4.0, 5.0, 5.1, 6.0, 7.0
PSRemotingProtocolVersion: 2.3
SerializationVersion: 1.1.0.1
WSManStackVersion: 3.0
**********************
Gesamtanzahl aller Zeilen: 387
Anzahl der Duplikate: 0

✅ Keine doppelten Einträge gefunden.

🆕 Neue Einträge:
bulk_extractor-rec
EVTXtract
MetaDiver
MicrosoftExtractorSuite
ShimCacheParser

Anzahl neuer Einträge: 5

'list-of-tools.txt' wurde aktualisiert und 'list-of-tools-new.txt' gelöscht.


📄 'Configs\flagship.conf' wurde erfolgreich aktualisiert mit den neuen Einträgen.
**********************
PowerShell transcript end
End time: 20260306152628
**********************
**********************
PowerShell transcript start
Start time: 20260306153456
Username: LAPTOP-1FKSBQSV\N0
RunAs User: LAPTOP-1FKSBQSV\N0
Configuration Name: 
Machine: LAPTOP-1FKSBQSV (Microsoft Windows NT 10.0.26100.0)
Host Application: C:\Program Files\PowerShell\7\pwsh.dll -noexit -command try { . "c:\Users\N0\AppData\Local\Programs\Microsoft VS Code\0870c2a0c7\resources\app\out\vs\workbench\contrib\terminal\common\scripts\shellIntegration.ps1" } catch {}
Process ID: 14772
PSVersion: 7.5.4
PSEdition: Core
GitCommitId: 7.5.4
OS: Microsoft Windows 10.0.26100
Platform: Win32NT
PSCompatibleVersions: 1.0, 2.0, 3.0, 4.0, 5.0, 5.1, 6.0, 7.0
PSRemotingProtocolVersion: 2.3
SerializationVersion: 1.1.0.1
WSManStackVersion: 3.0
**********************
Gesamtanzahl aller Zeilen: 391
Anzahl der Duplikate: 0

✅ Keine doppelten Einträge gefunden.

🆕 Neue Einträge:
Cain
DFIRPowerShellScripts
Registry-Write-Block
ROADtools

Anzahl neuer Einträge: 4

'list-of-tools.txt' wurde aktualisiert und 'list-of-tools-new.txt' gelöscht.


📄 'Configs\flagship.conf' wurde erfolgreich aktualisiert mit den neuen Einträgen.
**********************
PowerShell transcript end
End time: 20260306153504
**********************
**********************
PowerShell transcript start
Start time: 20260306153700
Username: LAPTOP-1FKSBQSV\N0
RunAs User: LAPTOP-1FKSBQSV\N0
Configuration Name: 
Machine: LAPTOP-1FKSBQSV (Microsoft Windows NT 10.0.26100.0)
Host Application: C:\Program Files\PowerShell\7\pwsh.dll -noexit -command try { . "c:\Users\N0\AppData\Local\Programs\Microsoft VS Code\0870c2a0c7\resources\app\out\vs\workbench\contrib\terminal\common\scripts\shellIntegration.ps1" } catch {}
Process ID: 14772
PSVersion: 7.5.4
PSEdition: Core
GitCommitId: 7.5.4
OS: Microsoft Windows 10.0.26100
Platform: Win32NT
PSCompatibleVersions: 1.0, 2.0, 3.0, 4.0, 5.0, 5.1, 6.0, 7.0
PSRemotingProtocolVersion: 2.3
SerializationVersion: 1.1.0.1
WSManStackVersion: 3.0
**********************
Gesamtanzahl aller Zeilen: 392
Anzahl der Duplikate: 0

✅ Keine doppelten Einträge gefunden.

🆕 Neue Einträge:
Registry-Write-Block-exe

Anzahl neuer Einträge: 1

'list-of-tools.txt' wurde aktualisiert und 'list-of-tools-new.txt' gelöscht.


📄 'Configs\flagship.conf' wurde erfolgreich aktualisiert mit den neuen Einträgen.
**********************
PowerShell transcript end
End time: 20260306153702
**********************
**********************
PowerShell transcript start
Start time: 20260316141332
Username: LAPTOP-1FKSBQSV\N0
RunAs User: LAPTOP-1FKSBQSV\N0
Configuration Name: 
Machine: LAPTOP-1FKSBQSV (Microsoft Windows NT 10.0.26100.0)
Host Application: C:\Program Files\PowerShell\7\pwsh.dll -NoProfile -ExecutionPolicy Bypass -Command Import-Module 'c:\Users\N0\.vscode\extensions\ms-vscode.powershell-2025.4.0\modules\PowerShellEditorServices\PowerShellEditorServices.psd1'; Start-EditorServices -HostName 'Visual Studio Code Host' -HostProfileId 'Microsoft.VSCode' -HostVersion '2025.4.0' -BundledModulesPath 'c:\Users\N0\.vscode\extensions\ms-vscode.powershell-2025.4.0\modules' -EnableConsoleRepl -StartupBanner "PowerShell Extension v2025.4.0
Copyright (c) Microsoft Corporation.

https://aka.ms/vscode-powershell
Type 'help' to get help.
" -LogLevel 'Warning' -LogPath 'c:\Users\N0\AppData\Roaming\Code\logs\20260312T084502\window1\exthost\ms-vscode.powershell' -SessionDetailsPath 'c:\Users\N0\AppData\Roaming\Code\User\globalStorage\ms-vscode.powershell\sessions\PSES-VSCode-21668-392993.json' -FeatureFlags @() 
Process ID: 28384
PSVersion: 7.5.4
PSEdition: Core
GitCommitId: 7.5.4
OS: Microsoft Windows 10.0.26100
Platform: Win32NT
PSCompatibleVersions: 1.0, 2.0, 3.0, 4.0, 5.0, 5.1, 6.0, 7.0
PSRemotingProtocolVersion: 2.3
SerializationVersion: 1.1.0.1
WSManStackVersion: 3.0
**********************
Gesamtanzahl aller Zeilen: 400
Anzahl der Duplikate: 2

🚨 Gefundene Duplikate:
- VMware Workstation17: Manual.conf (2×)
- Logfileparser: Choco.conf (1×), Github.conf (1×)

🆕 Neue Einträge:
Exterro FTK Imager 4
ExtractUsnJrnl
Grassmarlin
Indx2Csv
JoakimSchichtToolsOutdated
MakeContainer
MakeImage
Mft2Csv
RawCopy
RunAsTI
Secure2Csv
UsnJrnl2Csv
VMware Workstation17

Anzahl neuer Einträge: 13

Die alte Datei wurde **nicht** verändert. 'list-of-tools-new.txt' bleibt erhalten.

'Configs\flagship.conf' wurde nicht verändert.
**********************
PowerShell transcript end
End time: 20260316141458
**********************
**********************
PowerShell transcript start
Start time: 20260316141526
Username: LAPTOP-1FKSBQSV\N0
RunAs User: LAPTOP-1FKSBQSV\N0
Configuration Name: 
Machine: LAPTOP-1FKSBQSV (Microsoft Windows NT 10.0.26100.0)
Host Application: C:\Program Files\PowerShell\7\pwsh.dll -NoProfile -ExecutionPolicy Bypass -Command Import-Module 'c:\Users\N0\.vscode\extensions\ms-vscode.powershell-2025.4.0\modules\PowerShellEditorServices\PowerShellEditorServices.psd1'; Start-EditorServices -HostName 'Visual Studio Code Host' -HostProfileId 'Microsoft.VSCode' -HostVersion '2025.4.0' -BundledModulesPath 'c:\Users\N0\.vscode\extensions\ms-vscode.powershell-2025.4.0\modules' -EnableConsoleRepl -StartupBanner "PowerShell Extension v2025.4.0
Copyright (c) Microsoft Corporation.

https://aka.ms/vscode-powershell
Type 'help' to get help.
" -LogLevel 'Warning' -LogPath 'c:\Users\N0\AppData\Roaming\Code\logs\20260312T084502\window1\exthost\ms-vscode.powershell' -SessionDetailsPath 'c:\Users\N0\AppData\Roaming\Code\User\globalStorage\ms-vscode.powershell\sessions\PSES-VSCode-21668-392993.json' -FeatureFlags @() 
Process ID: 28384
PSVersion: 7.5.4
PSEdition: Core
GitCommitId: 7.5.4
OS: Microsoft Windows 10.0.26100
Platform: Win32NT
PSCompatibleVersions: 1.0, 2.0, 3.0, 4.0, 5.0, 5.1, 6.0, 7.0
PSRemotingProtocolVersion: 2.3
SerializationVersion: 1.1.0.1
WSManStackVersion: 3.0
**********************
Gesamtanzahl aller Zeilen: 399
Anzahl der Duplikate: 0

✅ Keine doppelten Einträge gefunden.

🆕 Neue Einträge:
Exterro FTK Imager 4
ExtractUsnJrnl
Grassmarlin
Indx2Csv
JoakimSchichtToolsOutdated
LogFileParser-Git
MakeContainer
MakeImage
Mft2Csv
RawCopy
RunAsTI
Secure2Csv
UsnJrnl2Csv
VMware Workstation17

Anzahl neuer Einträge: 14

'list-of-tools.txt' wurde aktualisiert und 'list-of-tools-new.txt' gelöscht.


📄 'Configs\flagship.conf' wurde erfolgreich aktualisiert mit den neuen Einträgen.
**********************
PowerShell transcript end
End time: 20260316141534
**********************
